<?xml version="1.0" encoding="UTF-8"?>
<testsuite xmlns:xsi="http://www.w3.org/2001/XMLSchema-instance" xsi:noNamespaceSchemaLocation="https://maven.apache.org/surefire/maven-surefire-plugin/xsd/surefire-test-report.xsd" name="BuilderTest" time="13.991" tests="2" errors="0" skipped="0" failures="0">
  <properties>
[...]
</properties>
  <testcase name="checkGoBuilderClickBuilderButton" classname="BuilderTest" time="10.82"/>
  <testcase name="checkGoBuilderClickLogo" classname="BuilderTest" time="2.95"/>
</testsuite>